16:55:09 [ERR][      Workbench]: Console redirection failed.
16:55:09 [INF][      Workbench]: Starting up Workbench
16:55:09 [INF][      Workbench]: Current environment:
	Command line: "C:\Program Files\MySQL\MySQL Workbench 8.0\MySQLWorkbench.exe" 
	CurrentDirectory: C:\Program Files\MySQL\MySQL Workbench 8.0
	HasShutdownStarted: False
	OSVersion: Microsoft Windows NT 6.2.9200.0
	SystemDirectory: C:\WINDOWS\system32
	TickCount: 583223781
	UserInteractive: True
	Version: 4.0.30319.42000
	WorkingSet: 37404672
16:55:09 [INF][      Workbench]: Environment variables:
	COMPUTERNAME = GOKTUG
	USERPROFILE = C:\Users\aygun
	HOMEPATH = \Users\aygun
	LOCALAPPDATA = C:\Users\aygun\AppData\Local
	PSModulePath = C:\Program Files\WindowsPowerShell\Modules;C:\WINDOWS\system32\WindowsPowerShell\v1.0\Modules
	PROCESSOR_ARCHITECTURE = AMD64
	Path = C:\Program Files (x86)\Common Files\Oracle\Java\javapath;C:\WINDOWS\system32;C:\WINDOWS;C:\WINDOWS\System32\Wbem;C:\WINDOWS\System32\WindowsPowerShell\v1.0\;C:\WINDOWS\System32\OpenSSH\;C:\Program Files\Microsoft\Web Platform Installer\;C:\Program Files (x86)\Microsoft ASP.NET\ASP.NET Web Pages\v1.0\;C:\Program Files\Microsoft SQL Server\110\Tools\Binn\;C:\Program Files\Microsoft SQL Server\130\Tools\Binn\;C:\Program Files\NVIDIA Corporation\NVIDIA NvDLISR;C:\Program Files (x86)\NVIDIA Corporation\PhysX\Common;C:\Users\aygun\AppData\Local\Programs\Python\Python311\Scripts\;C:\Users\aygun\AppData\Local\Programs\Python\Python311\;C:\Users\aygun\AppData\Local\Microsoft\WindowsApps;;C:\Users\aygun\AppData\Local\Programs\Microsoft VS Code\bin
	CommonProgramFiles(x86) = C:\Program Files (x86)\Common Files
	ProgramFiles(x86) = C:\Program Files (x86)
	PROCESSOR_LEVEL = 6
	LOGONSERVER = \\GOKTUG
	PATHEXT = .COM;.EXE;.BAT;.CMD;.VBS;.VBE;.JS;.JSE;.WSF;.WSH;.MSC
	HOMEDRIVE = C:
	SystemRoot = C:\WINDOWS
	SESSIONNAME = Console
	ALLUSERSPROFILE = C:\ProgramData
	EFC_1588 = 1
	DriverData = C:\Windows\System32\Drivers\DriverData
	FPS_BROWSER_APP_PROFILE_STRING = Internet Explorer
	APPDATA = C:\Users\aygun\AppData\Roaming
	PROCESSOR_REVISION = 8c01
	USERNAME = aygun
	CommonProgramW6432 = C:\Program Files\Common Files
	TEMP = C:\Users\aygun\AppData\Local\Temp
	OneDrive = C:\Users\aygun\OneDrive
	CommonProgramFiles = C:\Program Files\Common Files
	OS = Windows_NT
	USERDOMAIN_ROAMINGPROFILE = GOKTUG
	PROCESSOR_IDENTIFIER = Intel64 Family 6 Model 140 Stepping 1, GenuineIntel
	ComSpec = C:\WINDOWS\system32\cmd.exe
	SystemDrive = C:
	FPS_BROWSER_USER_PROFILE_STRING = Default
	VS110COMNTOOLS = C:\Program Files (x86)\Microsoft Visual Studio 11.0\Common7\Tools\
	ProgramFiles = C:\Program Files
	NUMBER_OF_PROCESSORS = 8
	TMP = C:\Users\aygun\AppData\Local\Temp
	ProgramData = C:\ProgramData
	ProgramW6432 = C:\Program Files
	windir = C:\WINDOWS
	USERDOMAIN = GOKTUG
	PUBLIC = C:\Users\Public
	ZES_ENABLE_SYSMAN = 1
16:55:09 [INF][      Workbench]: Current version given by meta info is: 8.0.33
16:55:09 [INF][      Workbench]: Setting PATH to: C:\WINDOWS\system32;C:\Program Files (x86)\Common Files\Oracle\Java\javapath;C:\WINDOWS\system32;C:\WINDOWS;C:\WINDOWS\System32\Wbem;C:\WINDOWS\System32\WindowsPowerShell\v1.0\;C:\WINDOWS\System32\OpenSSH\;C:\Program Files\Microsoft\Web Platform Installer\;C:\Program Files (x86)\Microsoft ASP.NET\ASP.NET Web Pages\v1.0\;C:\Program Files\Microsoft SQL Server\110\Tools\Binn\;C:\Program Files\Microsoft SQL Server\130\Tools\Binn\;C:\Program Files\NVIDIA Corporation\NVIDIA NvDLISR;C:\Program Files (x86)\NVIDIA Corporation\PhysX\Common;C:\Users\aygun\AppData\Local\Microsoft\WindowsApps;;C:\Users\aygun\AppData\Local\Programs\Microsoft VS Code\bin
16:55:09 [INF][ mforms managed]: Initializing mforms wrapper
16:55:09 [INF][   WBContext UI]: Initializing workbench context UI with these values:
	base dir: C:\Program Files\MySQL\MySQL Workbench 8.0
	plugin path: C:\Program Files\MySQL\MySQL Workbench 8.0
	struct path: 
	module path: C:\Program Files\MySQL\MySQL Workbench 8.0/modules
	library path: C:\Program Files\MySQL\MySQL Workbench 8.0
	user data dir: C:\Users\aygun\AppData\Roaming\MySQL\Workbench
	open at start: 
	open type: 
	run at startup: 
	run type: 
	Force SW rendering: No
	Force OpenGL: No
	quit when done: No
16:55:09 [INF][      WBContext]: WbContext::init
16:55:11 [INF][            WBA]: Looking for extension modules for WBA...
16:55:11 [INF][            WBA]: 0 extension modules found
16:55:11 [WRN][            grt]: Duplicate plugin name wb.tools.cmdlineClient	There is more than one plugin with the name wb.tools.cmdlineClient (in PyWbUtils and PyWbUtils).
16:55:12 [WRN][            grt]: C:\Users\aygun\AppData\Roaming\MySQL\Workbench\connections.xml:18: link '{A313DA4D-F1A9-4C4B-9FD9-D8B9C711CB2A}' <object GrtObject> key=owner could not be resolved
16:55:12 [WRN][            grt]: Duplicate plugin name wb.tools.cmdlineClient	There is more than one plugin with the name wb.tools.cmdlineClient (in PyWbUtils and PyWbUtils).
16:55:12 [INF][      WBContext]: System info:
 	MySQL Workbench Community (GPL) for Windows version 8.0.33 CE build 2947366 (64 bit)
	Configuration Directory: C:\Users\aygun\AppData\Roaming\MySQL\Workbench
	Data Directory: C:\Program Files\MySQL\MySQL Workbench 8.0
	Cairo Version: 1.17.6
	OS: Microsoft Windows 10 Home
	CPU: 8x 11th Gen Intel(R) Core(TM) i5-1135G7 @ 2.40GHz, 7.7 GiB RAM
	Active video adapter Intel(R) Iris(R) Xe Graphics
	Installed video RAM: 1024 MB
	Current video mode: 1920 x 1080 x 4294967296 colors
	Used bit depth: 32
	Driver version: 30.0.101.1338
	Installed display drivers: C:\WINDOWS\System32\DriverStore\FileRepository\iigd_dch.inf_amd64_ebf638e0a8a70542\igdumdim64.dll,C:\WINDOWS\System32\DriverStore\FileRepository\iigd_dch.inf_amd64_ebf638e0a8a70542\igd10iumd64.dll,C:\WINDOWS\System32\DriverStore\FileRepository\iigd_dch.inf_amd64_ebf638e0a8a70542\igd10iumd64.dll,C:\WINDOWS\System32\DriverStore\FileRepository\iigd_dch.inf_amd64_ebf638e0a8a70542\igd12umd64.dll
	Current user language: Turkish (Turkey)

16:55:12 [INF][      Workbench]: UI is up
16:55:13 [INF][      Workbench]: Running the application
16:55:15 [INF][SQL Editor Form]: Opened connection 'Local instance MySQL80' to MySQL Community Server - GPL version 8.0.33
16:55:16 [INF][        WQE.net]: Launching SQL IDE
16:55:16 [INF][        WQE.net]: SQL IDE UI is ready
17:16:32 [WRN][SQL Editor Form]: 0 row(s) affected, 1 warning(s):
1305 PROCEDURE cs306-project.get_death_numbers does not exist
17:40:25 [ERR][SQL Editor Form]: Error Code: 1111. Invalid use of group function
17:47:20 [ERR][SQL Editor Form]: Error Code: 1111. Invalid use of group function
17:49:59 [ERR][SQL Editor Form]: Error Code: 1111. Invalid use of group function
17:50:06 [ERR][SQL Editor Form]: Error Code: 1111. Invalid use of group function
17:50:32 [ERR][SQL Editor Form]: Error Code: 1064. You have an error in your SQL syntax; check the manual that corresponds to your MySQL server version for the right syntax to use near 'select  MIN(deaths_by_unsafe_water_source)' at line 1
17:51:45 [ERR][SQL Editor Form]: Error Code: 3816. An expression of a check constraint 'check_interval' cannot refer to a user or system variable.
17:55:08 [ERR][SQL Editor Form]: Error Code: 3815. An expression of a check constraint 'check_interval' contains disallowed function.
17:56:26 [ERR][SQL Editor Form]: Error Code: 3815. An expression of a check constraint 'check_interval' contains disallowed function.
18:00:01 [ERR][SQL Editor Form]: Error Code: 1064. You have an error in your SQL syntax; check the manual that corresponds to your MySQL server version for the right syntax to use near 'IF EXISTS check_interval' at line 2
18:00:18 [ERR][SQL Editor Form]: Error Code: 3819. Check constraint 'check_interval' is violated.
21:00:59 [ERR][SQL Editor Form]: Error Code: 3819. Check constraint 'check_interval' is violated.
21:02:10 [ERR][SQL Editor Form]: Error Code: 3819. Check constraint 'check_interval' is violated.
21:02:55 [WRN][SQL Editor Form]: 0 row(s) affected, 1 warning(s):
1360 Trigger does not exist
21:03:32 [ERR][SQL Editor Form]: Error Code: 1359. Trigger already exists
21:05:04 [ERR][SQL Editor Form]: Error Code: 1111. Invalid use of group function
21:09:46 [ERR][SQL Editor Form]: Error Code: 1359. Trigger already exists
21:10:29 [WRN][SQL Editor Form]: 0 row(s) affected, 1 warning(s):
1360 Trigger does not exist
21:12:09 [ERR][SQL Editor Form]: Error Code: 1062. Duplicate entry 'TUR-2020' for key 'nature_deaths.PRIMARY'
21:16:00 [ERR][SQL Editor Form]: Error Code: 1175. You are using safe update mode and you tried to update a table without a WHERE that uses a KEY column. 
To disable safe mode, toggle the option in Preferences -> SQL Editor and reconnect.
21:22:08 [ERR][SQL Editor Form]: Error Code: 1064. You have an error in your SQL syntax; check the manual that corresponds to your MySQL server version for the right syntax to use near '"Deaths by Unsafe Water Source" = -10 -- which will be rounded up to 0
WHERE
   ' at line 3
21:23:38 [ERR][SQL Editor Form]: Error Code: 1054. Unknown column 'Deaths by Unsafe Water Source' in 'field list'
21:23:40 [ERR][SQL Editor Form]: Error Code: 1054. Unknown column 'Deaths by Unsafe Water Source' in 'field list'
21:23:59 [ERR][SQL Editor Form]: Error Code: 1054. Unknown column 'top' in 'field list'
21:31:25 [INF][        WQE.net]: Shutting down SQL editor (Local instance MySQL80)
21:31:25 [INF][      Workbench]: Shutting down Workbench
21:31:25 [INF][ mforms managed]: Shutting down mforms wrapper
21:31:25 [INF][      Workbench]: Done
