13:08:18 [ERR][      Workbench]: Console redirection failed.
13:08:18 [INF][      Workbench]: Starting up Workbench
13:08:18 [INF][      Workbench]: Current environment:
	Command line: "C:\Program Files\MySQL\MySQL Workbench 8.0\MySQLWorkbench.exe" 
	CurrentDirectory: C:\Program Files\MySQL\MySQL Workbench 8.0
	HasShutdownStarted: False
	OSVersion: Microsoft Windows NT 6.2.9200.0
	SystemDirectory: C:\WINDOWS\system32
	TickCount: 569613250
	UserInteractive: True
	Version: 4.0.30319.42000
	WorkingSet: 37404672
13:08:18 [INF][      Workbench]: Environment variables:
	COMPUTERNAME = GOKTUG
	USERPROFILE = C:\Users\aygun
	HOMEPATH = \Users\aygun
	LOCALAPPDATA = C:\Users\aygun\AppData\Local
	PSModulePath = C:\Program Files\WindowsPowerShell\Modules;C:\WINDOWS\system32\WindowsPowerShell\v1.0\Modules
	PROCESSOR_ARCHITECTURE = AMD64
	Path = C:\Program Files (x86)\Common Files\Oracle\Java\javapath;C:\WINDOWS\system32;C:\WINDOWS;C:\WINDOWS\System32\Wbem;C:\WINDOWS\System32\WindowsPowerShell\v1.0\;C:\WINDOWS\System32\OpenSSH\;C:\Program Files\Microsoft\Web Platform Installer\;C:\Program Files (x86)\Microsoft ASP.NET\ASP.NET Web Pages\v1.0\;C:\Program Files\Microsoft SQL Server\110\Tools\Binn\;C:\Program Files\Microsoft SQL Server\130\Tools\Binn\;C:\Program Files\NVIDIA Corporation\NVIDIA NvDLISR;C:\Program Files (x86)\NVIDIA Corporation\PhysX\Common;C:\Users\aygun\AppData\Local\Programs\Python\Python311\Scripts\;C:\Users\aygun\AppData\Local\Programs\Python\Python311\;C:\Users\aygun\AppData\Local\Microsoft\WindowsApps;;C:\Users\aygun\AppData\Local\Programs\Microsoft VS Code\bin
	CommonProgramFiles(x86) = C:\Program Files (x86)\Common Files
	ProgramFiles(x86) = C:\Program Files (x86)
	PROCESSOR_LEVEL = 6
	LOGONSERVER = \\GOKTUG
	PATHEXT = .COM;.EXE;.BAT;.CMD;.VBS;.VBE;.JS;.JSE;.WSF;.WSH;.MSC
	HOMEDRIVE = C:
	SystemRoot = C:\WINDOWS
	SESSIONNAME = Console
	ALLUSERSPROFILE = C:\ProgramData
	EFC_1588 = 1
	DriverData = C:\Windows\System32\Drivers\DriverData
	FPS_BROWSER_APP_PROFILE_STRING = Internet Explorer
	APPDATA = C:\Users\aygun\AppData\Roaming
	PROCESSOR_REVISION = 8c01
	USERNAME = aygun
	CommonProgramW6432 = C:\Program Files\Common Files
	TEMP = C:\Users\aygun\AppData\Local\Temp
	OneDrive = C:\Users\aygun\OneDrive
	CommonProgramFiles = C:\Program Files\Common Files
	OS = Windows_NT
	USERDOMAIN_ROAMINGPROFILE = GOKTUG
	PROCESSOR_IDENTIFIER = Intel64 Family 6 Model 140 Stepping 1, GenuineIntel
	ComSpec = C:\WINDOWS\system32\cmd.exe
	SystemDrive = C:
	FPS_BROWSER_USER_PROFILE_STRING = Default
	VS110COMNTOOLS = C:\Program Files (x86)\Microsoft Visual Studio 11.0\Common7\Tools\
	ProgramFiles = C:\Program Files
	NUMBER_OF_PROCESSORS = 8
	TMP = C:\Users\aygun\AppData\Local\Temp
	ProgramData = C:\ProgramData
	ProgramW6432 = C:\Program Files
	windir = C:\WINDOWS
	USERDOMAIN = GOKTUG
	PUBLIC = C:\Users\Public
	ZES_ENABLE_SYSMAN = 1
13:08:18 [INF][      Workbench]: Current version given by meta info is: 8.0.33
13:08:18 [INF][      Workbench]: Setting PATH to: C:\WINDOWS\system32;C:\Program Files (x86)\Common Files\Oracle\Java\javapath;C:\WINDOWS\system32;C:\WINDOWS;C:\WINDOWS\System32\Wbem;C:\WINDOWS\System32\WindowsPowerShell\v1.0\;C:\WINDOWS\System32\OpenSSH\;C:\Program Files\Microsoft\Web Platform Installer\;C:\Program Files (x86)\Microsoft ASP.NET\ASP.NET Web Pages\v1.0\;C:\Program Files\Microsoft SQL Server\110\Tools\Binn\;C:\Program Files\Microsoft SQL Server\130\Tools\Binn\;C:\Program Files\NVIDIA Corporation\NVIDIA NvDLISR;C:\Program Files (x86)\NVIDIA Corporation\PhysX\Common;C:\Users\aygun\AppData\Local\Microsoft\WindowsApps;;C:\Users\aygun\AppData\Local\Programs\Microsoft VS Code\bin
13:08:18 [INF][ mforms managed]: Initializing mforms wrapper
13:08:19 [INF][   WBContext UI]: Initializing workbench context UI with these values:
	base dir: C:\Program Files\MySQL\MySQL Workbench 8.0
	plugin path: C:\Program Files\MySQL\MySQL Workbench 8.0
	struct path: 
	module path: C:\Program Files\MySQL\MySQL Workbench 8.0/modules
	library path: C:\Program Files\MySQL\MySQL Workbench 8.0
	user data dir: C:\Users\aygun\AppData\Roaming\MySQL\Workbench
	open at start: 
	open type: 
	run at startup: 
	run type: 
	Force SW rendering: No
	Force OpenGL: No
	quit when done: No
13:08:19 [INF][      WBContext]: WbContext::init
13:08:21 [INF][            WBA]: Looking for extension modules for WBA...
13:08:21 [INF][            WBA]: 0 extension modules found
13:08:21 [WRN][            grt]: Duplicate plugin name wb.tools.cmdlineClient	There is more than one plugin with the name wb.tools.cmdlineClient (in PyWbUtils and PyWbUtils).
13:08:21 [WRN][            grt]: C:\Users\aygun\AppData\Roaming\MySQL\Workbench\connections.xml:18: link '{9C3690F5-CB1B-46AD-A39E-8511E2BF770B}' <object GrtObject> key=owner could not be resolved
13:08:21 [WRN][            grt]: Duplicate plugin name wb.tools.cmdlineClient	There is more than one plugin with the name wb.tools.cmdlineClient (in PyWbUtils and PyWbUtils).
13:08:22 [INF][      WBContext]: System info:
 	MySQL Workbench Community (GPL) for Windows version 8.0.33 CE build 2947366 (64 bit)
	Configuration Directory: C:\Users\aygun\AppData\Roaming\MySQL\Workbench
	Data Directory: C:\Program Files\MySQL\MySQL Workbench 8.0
	Cairo Version: 1.17.6
	OS: Microsoft Windows 10 Home
	CPU: 8x 11th Gen Intel(R) Core(TM) i5-1135G7 @ 2.40GHz, 7.7 GiB RAM
	Active video adapter Intel(R) Iris(R) Xe Graphics
	Installed video RAM: 1024 MB
	Current video mode: 1920 x 1080 x 4294967296 colors
	Used bit depth: 32
	Driver version: 30.0.101.1338
	Installed display drivers: C:\WINDOWS\System32\DriverStore\FileRepository\iigd_dch.inf_amd64_ebf638e0a8a70542\igdumdim64.dll,C:\WINDOWS\System32\DriverStore\FileRepository\iigd_dch.inf_amd64_ebf638e0a8a70542\igd10iumd64.dll,C:\WINDOWS\System32\DriverStore\FileRepository\iigd_dch.inf_amd64_ebf638e0a8a70542\igd10iumd64.dll,C:\WINDOWS\System32\DriverStore\FileRepository\iigd_dch.inf_amd64_ebf638e0a8a70542\igd12umd64.dll
	Current user language: Turkish (Turkey)

13:08:22 [INF][      Workbench]: UI is up
13:08:23 [INF][      Workbench]: Running the application
13:08:24 [INF][SQL Editor Form]: Opened connection 'Local instance MySQL80' to MySQL Community Server - GPL version 8.0.33
13:08:25 [INF][        WQE.net]: Launching SQL IDE
13:08:25 [INF][        WQE.net]: SQL IDE UI is ready
13:08:35 [ERR][SQL Editor Form]: Error Code: 1054. Unknown column 'WW.Emission_of_SO2_in_Tonnes' in 'where clause'
13:09:59 [ERR][SQL Editor Form]: Error Code: 1347. 'cs306-project.worldwide_emissions' is not BASE TABLE
13:18:04 [ERR][SQL Editor Form]: Error Code: 1248. Every derived table must have its own alias
13:18:25 [WRN][SQL Editor Form]: 0 row(s) affected, 1 warning(s):
1051 Unknown table 'cs306-project.countries_with_high_emission'
13:25:31 [WRN][SQL Editor Form]: 0 row(s) affected, 1 warning(s):
1051 Unknown table 'cs306-project.air_pollution_deaths'
13:25:31 [ERR][SQL Editor Form]: Error Code: 1054. Unknown column 'iso_code' in 'field list'
13:25:57 [WRN][SQL Editor Form]: 0 row(s) affected, 1 warning(s):
1051 Unknown table 'cs306-project.air_pollution_deaths'
13:27:21 [WRN][SQL Editor Form]: 0 row(s) affected, 1 warning(s):
1051 Unknown table 'cs306-project.air_pollution_deaths_of_countries'
13:27:21 [ERR][SQL Editor Form]: Error Code: 1050. Table 'air_pollution_deaths' already exists
13:27:28 [WRN][SQL Editor Form]: 0 row(s) affected, 1 warning(s):
1051 Unknown table 'cs306-project.air_pollution_deaths_of_countries'
13:29:21 [WRN][SQL Editor Form]: 0 row(s) affected, 1 warning(s):
1051 Unknown table 'cs306-project.air_pollution_deaths_worldwide'
13:32:49 [ERR][SQL Editor Form]: Error Code: 1054. Unknown column 'iso_code' in 'field list'
13:33:44 [WRN][SQL Editor Form]: 0 row(s) affected, 1 warning(s):
1051 Unknown table 'cs306-project.countries_with_high_deaths'
13:43:47 [ERR][SQL Editor Form]: Error Code: 1248. Every derived table must have its own alias
13:44:36 [WRN][SQL Editor Form]: 0 row(s) affected, 1 warning(s):
1051 Unknown table 'cs306-project.left_outer'
13:45:42 [ERR][SQL Editor Form]: Error Code: 1064. You have an error in your SQL syntax; check the manual that corresponds to your MySQL server version for the right syntax to use near '' at line 2
13:46:55 [ERR][SQL Editor Form]: Error Code: 1052. Column 'iso_code' in on clause is ambiguous
13:56:01 [ERR][SQL Editor Form]: Error Code: 1064. You have an error in your SQL syntax; check the manual that corresponds to your MySQL server version for the right syntax to use near 'INNER JOIN countries_with_high_emission
ON countries_with_high_deaths.iso_code =' at line 2
13:56:51 [ERR][SQL Editor Form]: Error Code: 1052. Column 'iso_code' in on clause is ambiguous
13:59:53 [ERR][SQL Editor Form]: Error Code: 1052. Column 'iso_code' in on clause is ambiguous
14:09:03 [ERR][sqlide_grt.py:enbeautificate:333]: Error reformating SQL: SELECT COUNT(*)
FROM countries_with_high_deaths LEFT JOIN countries_with_high_emission
ON countries_with_high_emission.iso_code = countries_with_high_deaths.iso_code 
WHERE countries_with_high_deaths.iso_code NULL
Traceback (most recent call last):
  File "C:\Program Files\MySQL\MySQL Workbench 8.0\modules\sqlide_grt.py", line 330, in enbeautificate
    result = doReformatSQLStatement(statement, True)
  File "C:\Program Files\MySQL\MySQL Workbench 8.0\modules\sqlide_grt.py", line 233, in doReformatSQLStatement
    raise Exception("Error parsing statement: %s" % ast_list[0])
Exception: Error parsing statement: syntax error, unexpected NULL_SYM, expecting END_OF_INPUT or ';'

14:14:27 [ERR][SQL Editor Form]: Error Code: 1064. You have an error in your SQL syntax; check the manual that corresponds to your MySQL server version for the right syntax to use near 'SELECT COUNT(*)
FROM high_household_air_pollution_deaths' at line 4
14:16:14 [ERR][SQL Editor Form]: Error Code: 1051. Unknown table 'cs306-project.high_household_air_pollution_deaths'
14:18:39 [ERR][SQL Editor Form]: Error Code: 1064. You have an error in your SQL syntax; check the manual that corresponds to your MySQL server version for the right syntax to use near '' at line 7
14:21:37 [ERR][SQL Editor Form]: Error Code: 1064. You have an error in your SQL syntax; check the manual that corresponds to your MySQL server version for the right syntax to use near 'EXISTS 
(
		SELECT iso_code -- has 21 countries
		FROM air_pollution_deaths_of_c' at line 3
14:40:03 [ERR][      WBContext]: WBContext: exception in flush idle task: Exception: 
14:40:08 [ERR][      WBContext]: WBContext: exception in flush idle task: Exception: 
14:40:10 [ERR][      WBContext]: WBContext: exception in flush idle task: Exception: 
14:40:22 [ERR][      WBContext]: WBContext: exception in flush idle task: Exception: 
14:40:22 [ERR][      WBContext]: WBContext: exception in flush idle task: Exception: 
14:40:22 [ERR][      WBContext]: WBContext: exception in flush idle task: Exception: 
14:40:22 [ERR][      WBContext]: WBContext: exception in flush idle task: Exception: 
14:40:30 [ERR][      WBContext]: WBContext: exception in flush idle task: Exception: 
14:41:28 [ERR][SQL Editor Form]: Error Code: 1064. You have an error in your SQL syntax; check the manual that corresponds to your MySQL server version for the right syntax to use near 'PRINT N'The current database is master.'' at line 1
14:44:50 [ERR][      WBContext]: WBContext: exception in flush idle task: Exception: 
14:44:58 [ERR][      WBContext]: WBContext: exception in flush idle task: Exception: 
14:45:01 [ERR][      WBContext]: WBContext: exception in flush idle task: Exception: 
14:45:22 [ERR][      WBContext]: WBContext: exception in flush idle task: Exception: 
14:45:37 [ERR][SQL Editor Form]: Error Code: 1064. You have an error in your SQL syntax; check the manual that corresponds to your MySQL server version for the right syntax to use near ')
BEGIN
	IF p1 IN countries_with_high_deaths
		SELECT 'Given country has high de' at line 1
14:45:58 [ERR][      WBContext]: WBContext: exception in flush idle task: Exception: 
14:46:19 [ERR][      WBContext]: WBContext: exception in flush idle task: Exception: 
14:46:40 [ERR][SQL Editor Form]: Error Code: 1064. You have an error in your SQL syntax; check the manual that corresponds to your MySQL server version for the right syntax to use near ')
BEGIN
	SELECT * 
    FROM countries_with_high_deaths
    Where countries_with_' at line 1
15:01:27 [ERR][      WBContext]: WBContext: exception in flush idle task: Exception: 
15:01:28 [ERR][      WBContext]: WBContext: exception in flush idle task: Exception: 
15:01:28 [ERR][      WBContext]: WBContext: exception in flush idle task: Exception: 
15:01:51 [ERR][      WBContext]: WBContext: exception in flush idle task: Exception: 
15:01:51 [ERR][      WBContext]: WBContext: exception in flush idle task: Exception: 
15:01:56 [ERR][      WBContext]: WBContext: exception in flush idle task: Exception: 
15:03:10 [ERR][      WBContext]: WBContext: exception in flush idle task: Exception: 
15:03:23 [ERR][      WBContext]: WBContext: exception in flush idle task: Exception: 
15:03:25 [ERR][      WBContext]: WBContext: exception in flush idle task: Exception: 
15:03:25 [ERR][      WBContext]: WBContext: exception in flush idle task: Exception: 
15:03:29 [ERR][      WBContext]: WBContext: exception in flush idle task: Exception: 
15:03:29 [ERR][      WBContext]: WBContext: exception in flush idle task: Exception: 
15:03:29 [ERR][      WBContext]: WBContext: exception in flush idle task: Exception: 
15:03:30 [ERR][      WBContext]: WBContext: exception in flush idle task: Exception: 
15:03:35 [ERR][      WBContext]: WBContext: exception in flush idle task: Exception: 
15:03:36 [ERR][      WBContext]: WBContext: exception in flush idle task: Exception: 
15:03:37 [ERR][      WBContext]: WBContext: exception in flush idle task: Exception: 
15:04:17 [ERR][SQL Editor Form]: Error Code: 1054. Unknown column 'countries_with_high_emission.iso_code' in 'where clause'
15:04:37 [ERR][      WBContext]: WBContext: exception in flush idle task: Exception: 
15:04:40 [ERR][      WBContext]: WBContext: exception in flush idle task: Exception: 
15:04:43 [ERR][SQL Editor Form]: Error Code: 1055. Expression #1 of SELECT list is not in GROUP BY clause and contains nonaggregated column 'cs306-project.L.iso_code' which is not functionally dependent on columns in GROUP BY clause; this is incompatible with sql_mode=only_full_group_by
15:05:20 [ERR][      WBContext]: WBContext: exception in flush idle task: Exception: 
15:05:25 [ERR][      WBContext]: WBContext: exception in flush idle task: Exception: 
15:05:28 [ERR][      WBContext]: WBContext: exception in flush idle task: Exception: 
15:05:37 [ERR][SQL Editor Form]: Error Code: 1055. Expression #1 of SELECT list is not in GROUP BY clause and contains nonaggregated column 'cs306-project.L.iso_code' which is not functionally dependent on columns in GROUP BY clause; this is incompatible with sql_mode=only_full_group_by
15:06:45 [ERR][      WBContext]: WBContext: exception in flush idle task: Exception: 
15:06:46 [ERR][      WBContext]: WBContext: exception in flush idle task: Exception: 
15:06:46 [ERR][      WBContext]: WBContext: exception in flush idle task: Exception: 
15:06:46 [ERR][      WBContext]: WBContext: exception in flush idle task: Exception: 
15:06:47 [ERR][      WBContext]: WBContext: exception in flush idle task: Exception: 
15:06:51 [ERR][      WBContext]: WBContext: exception in flush idle task: Exception: 
15:06:51 [ERR][      WBContext]: WBContext: exception in flush idle task: Exception: 
15:07:04 [ERR][      WBContext]: WBContext: exception in flush idle task: Exception: 
15:07:06 [ERR][      WBContext]: WBContext: exception in flush idle task: Exception: 
15:07:06 [ERR][      WBContext]: WBContext: exception in flush idle task: Exception: 
15:07:11 [ERR][      WBContext]: WBContext: exception in flush idle task: Exception: 
15:07:17 [ERR][      WBContext]: WBContext: exception in flush idle task: Exception: 
15:07:40 [ERR][      WBContext]: WBContext: exception in flush idle task: Exception: 
15:07:40 [ERR][      WBContext]: WBContext: exception in flush idle task: Exception: 
15:07:45 [ERR][      WBContext]: WBContext: exception in flush idle task: Exception: 
15:07:49 [ERR][      WBContext]: WBContext: exception in flush idle task: Exception: 
15:08:29 [ERR][      WBContext]: WBContext: exception in flush idle task: Exception: 
15:08:29 [ERR][      WBContext]: WBContext: exception in flush idle task: Exception: 
15:08:29 [ERR][      WBContext]: WBContext: exception in flush idle task: Exception: 
15:08:29 [ERR][      WBContext]: WBContext: exception in flush idle task: Exception: 
15:08:29 [ERR][      WBContext]: WBContext: exception in flush idle task: Exception: 
15:08:30 [ERR][      WBContext]: WBContext: exception in flush idle task: Exception: 
15:09:44 [ERR][      WBContext]: WBContext: exception in flush idle task: Exception: 
15:09:47 [ERR][      WBContext]: WBContext: exception in flush idle task: Exception: 
15:09:53 [ERR][      WBContext]: WBContext: exception in flush idle task: Exception: 
15:09:53 [ERR][      WBContext]: WBContext: exception in flush idle task: Exception: 
15:09:54 [ERR][      WBContext]: WBContext: exception in flush idle task: Exception: 
15:09:54 [ERR][      WBContext]: WBContext: exception in flush idle task: Exception: 
15:09:56 [ERR][      WBContext]: WBContext: exception in flush idle task: Exception: 
15:11:40 [ERR][      WBContext]: WBContext: exception in flush idle task: Exception: 
15:11:40 [ERR][      WBContext]: WBContext: exception in flush idle task: Exception: 
15:11:40 [ERR][      WBContext]: WBContext: exception in flush idle task: Exception: 
15:11:40 [ERR][      WBContext]: WBContext: exception in flush idle task: Exception: 
15:11:41 [ERR][      WBContext]: WBContext: exception in flush idle task: Exception: 
15:11:41 [ERR][      WBContext]: WBContext: exception in flush idle task: Exception: 
15:11:43 [ERR][      WBContext]: WBContext: exception in flush idle task: Exception: 
15:11:45 [ERR][      WBContext]: WBContext: exception in flush idle task: Exception: 
15:11:50 [ERR][      WBContext]: WBContext: exception in flush idle task: Exception: 
15:11:58 [ERR][      WBContext]: WBContext: exception in flush idle task: Exception: 
15:13:25 [ERR][      WBContext]: WBContext: exception in flush idle task: Exception: 
15:13:28 [ERR][      WBContext]: WBContext: exception in flush idle task: Exception: 
15:35:25 [ERR][      WBContext]: WBContext: exception in flush idle task: Exception: 
15:36:12 [ERR][SQL Editor Form]: Error Code: 1111. Invalid use of group function
15:36:33 [ERR][      WBContext]: WBContext: exception in flush idle task: Exception: 
15:36:37 [ERR][      WBContext]: WBContext: exception in flush idle task: Exception: 
15:36:37 [ERR][      WBContext]: WBContext: exception in flush idle task: Exception: 
15:37:24 [ERR][SQL Editor Form]: Error Code: 3816. An expression of a check constraint 'check_interval' cannot refer to a user or system variable.
15:37:48 [ERR][SQL Editor Form]: Error Code: 1111. Invalid use of group function
15:37:55 [ERR][      WBContext]: WBContext: exception in flush idle task: Exception: 
16:45:28 [INF][        WQE.net]: Shutting down SQL editor (Local instance MySQL80)
16:45:29 [INF][      Workbench]: Shutting down Workbench
16:45:29 [INF][ mforms managed]: Shutting down mforms wrapper
16:45:29 [INF][      Workbench]: Done
