18:31:18 [ERR][      Workbench]: Console redirection failed.
18:31:18 [INF][      Workbench]: Starting up Workbench
18:31:18 [INF][      Workbench]: Current environment:
	Command line: "C:\Program Files\MySQL\MySQL Workbench 8.0\MySQLWorkbench.exe" 
	CurrentDirectory: C:\Program Files\MySQL\MySQL Workbench 8.0
	HasShutdownStarted: False
	OSVersion: Microsoft Windows NT 6.2.9200.0
	SystemDirectory: C:\WINDOWS\system32
	TickCount: 502592437
	UserInteractive: True
	Version: 4.0.30319.42000
	WorkingSet: 39469056
18:31:18 [INF][      Workbench]: Environment variables:
	COMPUTERNAME = GOKTUG
	USERPROFILE = C:\Users\aygun
	HOMEPATH = \Users\aygun
	LOCALAPPDATA = C:\Users\aygun\AppData\Local
	PSModulePath = C:\Program Files\WindowsPowerShell\Modules;C:\WINDOWS\system32\WindowsPowerShell\v1.0\Modules
	PROCESSOR_ARCHITECTURE = AMD64
	Path = C:\Program Files (x86)\Common Files\Oracle\Java\javapath;C:\WINDOWS\system32;C:\WINDOWS;C:\WINDOWS\System32\Wbem;C:\WINDOWS\System32\WindowsPowerShell\v1.0\;C:\WINDOWS\System32\OpenSSH\;C:\Program Files\Microsoft\Web Platform Installer\;C:\Program Files (x86)\Microsoft ASP.NET\ASP.NET Web Pages\v1.0\;C:\Program Files\Microsoft SQL Server\110\Tools\Binn\;C:\Program Files\Microsoft SQL Server\130\Tools\Binn\;C:\Program Files\NVIDIA Corporation\NVIDIA NvDLISR;C:\Program Files (x86)\NVIDIA Corporation\PhysX\Common;C:\Users\aygun\AppData\Local\Programs\Python\Python311\Scripts\;C:\Users\aygun\AppData\Local\Programs\Python\Python311\;C:\Users\aygun\AppData\Local\Microsoft\WindowsApps;;C:\Users\aygun\AppData\Local\Programs\Microsoft VS Code\bin
	EFC_18620 = 1
	ProgramFiles(x86) = C:\Program Files (x86)
	PROCESSOR_LEVEL = 6
	LOGONSERVER = \\GOKTUG
	PATHEXT = .COM;.EXE;.BAT;.CMD;.VBS;.VBE;.JS;.JSE;.WSF;.WSH;.MSC
	HOMEDRIVE = C:
	SystemRoot = C:\WINDOWS
	SESSIONNAME = Console
	ALLUSERSPROFILE = C:\ProgramData
	DriverData = C:\Windows\System32\Drivers\DriverData
	APPDATA = C:\Users\aygun\AppData\Roaming
	PROCESSOR_REVISION = 8c01
	USERNAME = aygun
	CommonProgramW6432 = C:\Program Files\Common Files
	OneDrive = C:\Users\aygun\OneDrive
	CommonProgramFiles = C:\Program Files\Common Files
	OS = Windows_NT
	USERDOMAIN_ROAMINGPROFILE = GOKTUG
	PROCESSOR_IDENTIFIER = Intel64 Family 6 Model 140 Stepping 1, GenuineIntel
	ComSpec = C:\WINDOWS\system32\cmd.exe
	__COMPAT_LAYER = DetectorsAppHealth
	SystemDrive = C:
	TEMP = C:\Users\aygun\AppData\Local\Temp
	VS110COMNTOOLS = C:\Program Files (x86)\Microsoft Visual Studio 11.0\Common7\Tools\
	ProgramFiles = C:\Program Files
	NUMBER_OF_PROCESSORS = 8
	ZES_ENABLE_SYSMAN = 1
	TMP = C:\Users\aygun\AppData\Local\Temp
	ProgramData = C:\ProgramData
	ProgramW6432 = C:\Program Files
	CommonProgramFiles(x86) = C:\Program Files (x86)\Common Files
	USERDOMAIN = GOKTUG
	PUBLIC = C:\Users\Public
	windir = C:\WINDOWS
18:31:18 [INF][      Workbench]: Current version given by meta info is: 8.0.33
18:31:18 [INF][      Workbench]: Setting PATH to: C:\WINDOWS\system32;C:\Program Files (x86)\Common Files\Oracle\Java\javapath;C:\WINDOWS\system32;C:\WINDOWS;C:\WINDOWS\System32\Wbem;C:\WINDOWS\System32\WindowsPowerShell\v1.0\;C:\WINDOWS\System32\OpenSSH\;C:\Program Files\Microsoft\Web Platform Installer\;C:\Program Files (x86)\Microsoft ASP.NET\ASP.NET Web Pages\v1.0\;C:\Program Files\Microsoft SQL Server\110\Tools\Binn\;C:\Program Files\Microsoft SQL Server\130\Tools\Binn\;C:\Program Files\NVIDIA Corporation\NVIDIA NvDLISR;C:\Program Files (x86)\NVIDIA Corporation\PhysX\Common;C:\Users\aygun\AppData\Local\Microsoft\WindowsApps;;C:\Users\aygun\AppData\Local\Programs\Microsoft VS Code\bin
18:31:18 [INF][ mforms managed]: Initializing mforms wrapper
18:31:18 [INF][   WBContext UI]: Initializing workbench context UI with these values:
	base dir: C:\Program Files\MySQL\MySQL Workbench 8.0
	plugin path: C:\Program Files\MySQL\MySQL Workbench 8.0
	struct path: 
	module path: C:\Program Files\MySQL\MySQL Workbench 8.0/modules
	library path: C:\Program Files\MySQL\MySQL Workbench 8.0
	user data dir: C:\Users\aygun\AppData\Roaming\MySQL\Workbench
	open at start: 
	open type: 
	run at startup: 
	run type: 
	Force SW rendering: No
	Force OpenGL: No
	quit when done: No
18:31:18 [INF][      WBContext]: WbContext::init
18:31:20 [INF][            WBA]: Looking for extension modules for WBA...
18:31:20 [INF][            WBA]: 0 extension modules found
18:31:20 [WRN][            grt]: Duplicate plugin name wb.tools.cmdlineClient	There is more than one plugin with the name wb.tools.cmdlineClient (in PyWbUtils and PyWbUtils).
18:31:21 [WRN][            grt]: C:\Users\aygun\AppData\Roaming\MySQL\Workbench\server_instances.xml:21: link '{67D6BF2C-8359-4940-80D0-0D08F925F90B}' <object GrtObject> key=owner could not be resolved
18:31:21 [WRN][            grt]: Duplicate plugin name wb.tools.cmdlineClient	There is more than one plugin with the name wb.tools.cmdlineClient (in PyWbUtils and PyWbUtils).
18:31:21 [INF][      WBContext]: System info:
 	MySQL Workbench Community (GPL) for Windows version 8.0.33 CE build 2947366 (64 bit)
	Configuration Directory: C:\Users\aygun\AppData\Roaming\MySQL\Workbench
	Data Directory: C:\Program Files\MySQL\MySQL Workbench 8.0
	Cairo Version: 1.17.6
	OS: Microsoft Windows 10 Home
	CPU: 8x 11th Gen Intel(R) Core(TM) i5-1135G7 @ 2.40GHz, 7.7 GiB RAM
	Active video adapter Intel(R) Iris(R) Xe Graphics
	Installed video RAM: 1024 MB
	Current video mode: 1920 x 1080 x 4294967296 colors
	Used bit depth: 32
	Driver version: 30.0.101.1338
	Installed display drivers: C:\WINDOWS\System32\DriverStore\FileRepository\iigd_dch.inf_amd64_ebf638e0a8a70542\igdumdim64.dll,C:\WINDOWS\System32\DriverStore\FileRepository\iigd_dch.inf_amd64_ebf638e0a8a70542\igd10iumd64.dll,C:\WINDOWS\System32\DriverStore\FileRepository\iigd_dch.inf_amd64_ebf638e0a8a70542\igd10iumd64.dll,C:\WINDOWS\System32\DriverStore\FileRepository\iigd_dch.inf_amd64_ebf638e0a8a70542\igd12umd64.dll
	Current user language: Turkish (Turkey)

18:31:22 [INF][      Workbench]: UI is up
18:31:22 [INF][      Workbench]: Running the application
18:31:24 [INF][SQL Editor Form]: Opened connection 'Local instance MySQL80' to MySQL Community Server - GPL version 8.0.33
18:31:25 [INF][        WQE.net]: Launching SQL IDE
18:31:26 [INF][        WQE.net]: SQL IDE UI is ready
18:46:25 [ERR][SQL Editor Form]: Error Code: 1140. In aggregated query without GROUP BY, expression #1 of SELECT list contains nonaggregated column 'cs306-project.emissions.iso_code'; this is incompatible with sql_mode=only_full_group_by
18:49:34 [ERR][SQL Editor Form]: Error Code: 1064. You have an error in your SQL syntax; check the manual that corresponds to your MySQL server version for the right syntax to use near ',AVG(sulphur_dioxide_in_tonnes_SO2),AVG(carbon_monoxide_in_tonnes_CO),AVG(ammoni' at line 7
18:49:50 [ERR][SQL Editor Form]: Error Code: 1055. Expression #2 of SELECT list is not in GROUP BY clause and contains nonaggregated column 'cs306-project.emissions.nitrogen_oxide_in_tonnes_NOx' which is not functionally dependent on columns in GROUP BY clause; this is incompatible with sql_mode=only_full_group_by
18:52:13 [ERR][SQL Editor Form]: Error Code: 1111. Invalid use of group function
18:52:18 [ERR][SQL Editor Form]: Error Code: 1111. Invalid use of group function
18:55:02 [ERR][SQL Editor Form]: Error Code: 1064. You have an error in your SQL syntax; check the manual that corresponds to your MySQL server version for the right syntax to use near 'Emission AS
SELECT iso_code as "Country Code", 
AVG(nitrogen_oxide_in_tonnes_NOx' at line 1
18:58:22 [ERR][SQL Editor Form]: Error Code: 1064. You have an error in your SQL syntax; check the manual that corresponds to your MySQL server version for the right syntax to use near 'of NOx in Tonnes TO Emission_of_NOx_in_Tonnes' at line 1
18:58:39 [ERR][SQL Editor Form]: Error Code: 1064. You have an error in your SQL syntax; check the manual that corresponds to your MySQL server version for the right syntax to use near '"Emission of NOx in Tonnes" TO Emission_of_NOx_in_Tonnes' at line 1
19:06:32 [WRN][SQL Editor Form]: 0 row(s) affected, 1 warning(s):
1051 Unknown table 'cs306-project.average_emission'
19:08:03 [ERR][SQL Editor Form]: Error Code: 1146. Table 'cs306-project.average_emission' doesn't exist
19:08:07 [WRN][SQL Editor Form]: 0 row(s) affected, 1 warning(s):
1051 Unknown table 'cs306-project.average_emission'
19:08:29 [ERR][SQL Editor Form]: Error Code: 1060. Duplicate column name 'Average emission NOx'
19:12:36 [ERR][SQL Editor Form]: Error Code: 1356. View 'cs306-project.worldwide_emissions' references invalid table(s) or column(s) or function(s) or definer/invoker of view lack rights to use them
19:12:50 [ERR][SQL Editor Form]: Error Code: 1356. View 'cs306-project.worldwide_emissions' references invalid table(s) or column(s) or function(s) or definer/invoker of view lack rights to use them
19:13:59 [ERR][SQL Editor Form]: Error Code: 1146. Table 'cs306-project.average_emission' doesn't exist
19:14:11 [WRN][SQL Editor Form]: 0 row(s) affected, 1 warning(s):
1051 Unknown table 'cs306-project.worldwide_emissions'
19:36:58 [ERR][SQL Editor Form]: Error Code: 1054. Unknown column 'iso_code' in 'field list'
19:37:11 [ERR][SQL Editor Form]: Error Code: 1054. Unknown column 'AC.iso_code' in 'field list'
19:37:39 [WRN][SQL Editor Form]: 0 row(s) affected, 1 warning(s):
1051 Unknown table 'cs306-project.average_emission'
19:37:39 [ERR][SQL Editor Form]: Error Code: 1064. You have an error in your SQL syntax; check the manual that corresponds to your MySQL server version for the right syntax to use near '(nitrogen_oxide_in_tonnes_NOx) as "Emission_of_NOx_in_Tonnes",
AVG(sulphur_dioxi' at line 3
19:37:50 [WRN][SQL Editor Form]: 0 row(s) affected, 1 warning(s):
1051 Unknown table 'cs306-project.average_emission'
19:38:13 [ERR][SQL Editor Form]: Error Code: 1050. Table 'average_emission_by_countries' already exists
19:44:07 [ERR][SQL Editor Form]: Error Code: 1054. Unknown column 'WW.Emission_of_SO2_in_Tonnes' in 'where clause'
08:34:46 [INF][        WQE.net]: Shutting down SQL editor (Local instance MySQL80)
08:34:46 [INF][      Workbench]: Shutting down Workbench
08:34:47 [INF][ mforms managed]: Shutting down mforms wrapper
08:34:47 [INF][      Workbench]: Done
