14:16:19 [ERR][      Workbench]: Console redirection failed.
14:16:19 [INF][      Workbench]: Starting up Workbench
14:16:19 [INF][      Workbench]: Current environment:
	Command line: "C:\Program Files\MySQL\MySQL Workbench 8.0\MySQLWorkbench.exe" 
	CurrentDirectory: C:\Users\aygun\AppData\Local\Temp\MSI9C34.tmp-
	HasShutdownStarted: False
	OSVersion: Microsoft Windows NT 6.2.9200.0
	SystemDirectory: C:\WINDOWS\system32
	TickCount: 487293562
	UserInteractive: True
	Version: 4.0.30319.42000
	WorkingSet: 39538688
14:16:19 [INF][      Workbench]: Environment variables:
	COMPUTERNAME = GOKTUG
	USERPROFILE = C:\Users\aygun
	HOMEPATH = \Users\aygun
	LOCALAPPDATA = C:\Users\aygun\AppData\Local
	PSModulePath = C:\Program Files\WindowsPowerShell\Modules;C:\WINDOWS\system32\WindowsPowerShell\v1.0\Modules
	PROCESSOR_ARCHITECTURE = AMD64
	Path = C:\Program Files (x86)\Common Files\Oracle\Java\javapath;C:\WINDOWS\system32;C:\WINDOWS;C:\WINDOWS\System32\Wbem;C:\WINDOWS\System32\WindowsPowerShell\v1.0\;C:\WINDOWS\System32\OpenSSH\;C:\Program Files\Microsoft\Web Platform Installer\;C:\Program Files (x86)\Microsoft ASP.NET\ASP.NET Web Pages\v1.0\;C:\Program Files\Microsoft SQL Server\110\Tools\Binn\;C:\Program Files\Microsoft SQL Server\130\Tools\Binn\;C:\Program Files\NVIDIA Corporation\NVIDIA NvDLISR;C:\Program Files (x86)\NVIDIA Corporation\PhysX\Common;C:\Users\aygun\AppData\Local\Programs\Python\Python311\Scripts\;C:\Users\aygun\AppData\Local\Programs\Python\Python311\;C:\Users\aygun\AppData\Local\Microsoft\WindowsApps;C:\Users\aygun\AppData\Local\Programs\Microsoft VS Code\bin
	CommonProgramFiles(x86) = C:\Program Files (x86)\Common Files
	ProgramFiles(x86) = C:\Program Files (x86)
	PROCESSOR_LEVEL = 6
	LOGONSERVER = \\GOKTUG
	PATHEXT = .COM;.EXE;.BAT;.CMD;.VBS;.VBE;.JS;.JSE;.WSF;.WSH;.MSC
	HOMEDRIVE = C:
	SystemRoot = C:\WINDOWS
	ALLUSERSPROFILE = C:\ProgramData
	DriverData = C:\Windows\System32\Drivers\DriverData
	APPDATA = C:\Users\aygun\AppData\Roaming
	PROCESSOR_REVISION = 8c01
	USERNAME = aygun
	CommonProgramW6432 = C:\Program Files\Common Files
	OneDrive = C:\Users\aygun\OneDrive
	CommonProgramFiles = C:\Program Files\Common Files
	OS = Windows_NT
	USERDOMAIN_ROAMINGPROFILE = GOKTUG
	PROCESSOR_IDENTIFIER = Intel64 Family 6 Model 140 Stepping 1, GenuineIntel
	ComSpec = C:\WINDOWS\system32\cmd.exe
	__COMPAT_LAYER = DetectorsAppHealth Installer
	SystemDrive = C:
	TEMP = C:\Users\aygun\AppData\Local\Temp
	VS110COMNTOOLS = C:\Program Files (x86)\Microsoft Visual Studio 11.0\Common7\Tools\
	ProgramFiles = C:\Program Files
	NUMBER_OF_PROCESSORS = 8
	TMP = C:\Users\aygun\AppData\Local\Temp
	ProgramData = C:\ProgramData
	ProgramW6432 = C:\Program Files
	windir = C:\WINDOWS
	USERDOMAIN = GOKTUG
	PUBLIC = C:\Users\Public
	ZES_ENABLE_SYSMAN = 1
14:16:19 [INF][      Workbench]: Current version given by meta info is: 8.0.33
14:16:19 [INF][      Workbench]: This is the first start of a new version. Doing some clean up.
14:16:19 [INF][      Workbench]: Setting PATH to: C:\WINDOWS\system32;C:\Program Files (x86)\Common Files\Oracle\Java\javapath;C:\WINDOWS\system32;C:\WINDOWS;C:\WINDOWS\System32\Wbem;C:\WINDOWS\System32\WindowsPowerShell\v1.0\;C:\WINDOWS\System32\OpenSSH\;C:\Program Files\Microsoft\Web Platform Installer\;C:\Program Files (x86)\Microsoft ASP.NET\ASP.NET Web Pages\v1.0\;C:\Program Files\Microsoft SQL Server\110\Tools\Binn\;C:\Program Files\Microsoft SQL Server\130\Tools\Binn\;C:\Program Files\NVIDIA Corporation\NVIDIA NvDLISR;C:\Program Files (x86)\NVIDIA Corporation\PhysX\Common;C:\Users\aygun\AppData\Local\Microsoft\WindowsApps;C:\Users\aygun\AppData\Local\Programs\Microsoft VS Code\bin
14:16:19 [INF][ mforms managed]: Initializing mforms wrapper
14:16:19 [INF][   WBContext UI]: Initializing workbench context UI with these values:
	base dir: C:\Program Files\MySQL\MySQL Workbench 8.0
	plugin path: C:\Program Files\MySQL\MySQL Workbench 8.0
	struct path: 
	module path: C:\Program Files\MySQL\MySQL Workbench 8.0/modules
	library path: C:\Program Files\MySQL\MySQL Workbench 8.0
	user data dir: C:\Users\aygun\AppData\Roaming\MySQL\Workbench
	open at start: 
	open type: 
	run at startup: 
	run type: 
	Force SW rendering: No
	Force OpenGL: No
	quit when done: No
14:16:19 [INF][      WBContext]: WbContext::init
14:16:21 [INF][            WBA]: Looking for extension modules for WBA...
14:16:21 [INF][            WBA]: 0 extension modules found
14:16:21 [WRN][            grt]: Duplicate plugin name wb.tools.cmdlineClient	There is more than one plugin with the name wb.tools.cmdlineClient (in PyWbUtils and PyWbUtils).
14:16:21 [WRN][            grt]: Duplicate plugin name wb.tools.cmdlineClient	There is more than one plugin with the name wb.tools.cmdlineClient (in PyWbUtils and PyWbUtils).
14:16:22 [INF][      WBContext]: System info:
 	MySQL Workbench Community (GPL) for Windows version 8.0.33 CE build 2947366 (64 bit)
	Configuration Directory: C:\Users\aygun\AppData\Roaming\MySQL\Workbench
	Data Directory: C:\Program Files\MySQL\MySQL Workbench 8.0
	Cairo Version: 1.17.6
	OS: Microsoft Windows 10 Home
	CPU: 8x 11th Gen Intel(R) Core(TM) i5-1135G7 @ 2.40GHz, 7.7 GiB RAM
	Active video adapter Intel(R) Iris(R) Xe Graphics
	Installed video RAM: 1024 MB
	Current video mode: 1920 x 1080 x 4294967296 colors
	Used bit depth: 32
	Driver version: 30.0.101.1338
	Installed display drivers: C:\WINDOWS\System32\DriverStore\FileRepository\iigd_dch.inf_amd64_ebf638e0a8a70542\igdumdim64.dll,C:\WINDOWS\System32\DriverStore\FileRepository\iigd_dch.inf_amd64_ebf638e0a8a70542\igd10iumd64.dll,C:\WINDOWS\System32\DriverStore\FileRepository\iigd_dch.inf_amd64_ebf638e0a8a70542\igd10iumd64.dll,C:\WINDOWS\System32\DriverStore\FileRepository\iigd_dch.inf_amd64_ebf638e0a8a70542\igd12umd64.dll
	Current user language: Turkish (Turkey)

14:16:22 [INF][      Workbench]: UI is up
14:16:23 [INF][      Workbench]: Running the application
14:17:45 [ERR][  GRTDispatcher]: exception in grt execute_task, continuing: Exception: Access denied for user 'root'@'localhost' (using password: NO)
14:17:45 [ERR][  GRTDispatcher]: worker: task 'execute sql queries' has failed with error:.Access denied for user 'root'@'localhost' (using password: NO)
14:17:50 [INF][SQL Editor Form]: Opened connection 'Local instance MySQL80' to MySQL Community Server - GPL version 8.0.33
14:17:51 [INF][  column_widths]: Initializing column width cache for Local_instance_MySQL80
14:17:51 [INF][        WQE.net]: Launching SQL IDE
14:17:52 [INF][        WQE.net]: SQL IDE UI is ready
14:18:22 [ERR][ sqlide-history]: Can't open SQL history file C:\Users\aygun\AppData\Roaming\MySQL\Workbench\sql_history\2023-04-23
14:20:48 [INF][         Wizard]: Execute 'Prepare Import'
14:20:48 [INF][         Wizard]: Starting thread for 'Import data file'
14:21:14 [INF][         Wizard]: Execute 'Prepare Import'
14:21:14 [INF][         Wizard]: Starting thread for 'Import data file'
14:21:20 [INF][         Wizard]: Execute 'Prepare Import'
14:21:20 [INF][         Wizard]: Starting thread for 'Import data file'
14:21:20 [ERR][sqlide_power_import_export_be.py:start_import:486]: Row import failed with error: ("Duplicate entry 'AFG' for key 'countries.PRIMARY'", 1062)Row import failed with error: ("Duplicate entry 'AWH' for key 'countries.PRIMARY'", 1062)Row import failed with error: ("Duplicate entry 'ALB' for key 'countries.PRIMARY'", 1062)Row import failed with error: ("Duplicate entry 'DZA' for key 'countries.PRIMARY'", 1062)Row import failed with error: ("Duplicate entry 'ASM' for key 'countries.PRIMARY'", 1062)Row import failed with error: ("Duplicate entry 'AND' for key 'countries.PRIMARY'", 1062)Row import failed with error: ("Duplicate entry 'AGO' for key 'countries.PRIMARY'", 1062)Row import failed with error: ("Duplicate entry 'ATG' for key 'countries.PRIMARY'", 1062)Row import failed with error: ("Duplicate entry 'ARG' for key 'countries.PRIMARY'", 1062)Row import failed with error: ("Duplicate entry 'ARM' for key 'countries.PRIMARY'", 1062)Row import failed with error: ("Duplicate entry 'AUS' for key 'countries.PRIMARY'", 1062)Row import failed with error: ("Duplicate entry 'AUT' for key 'countries.PRIMARY'", 1062)Row import failed with error: ("Duplicate entry 'AZE' for key 'countries.PRIMARY'", 1062)Row import failed with error: ("Duplicate entry 'BHS' for key 'countries.PRIMARY'", 1062)Row import failed with error: ("Duplicate entry 'BHR' for key 'countries.PRIMARY'", 1062)Row import failed with error: ("Duplicate entry 'BGD' for key 'countries.PRIMARY'", 1062)Row import failed with error: ("Duplicate entry 'BRB' for key 'countries.PRIMARY'", 1062)Row import failed with error: ("Duplicate entry 'BLR' for key 'countries.PRIMARY'", 1062)Row import failed with error: ("Duplicate entry 'BEL' for key 'countries.PRIMARY'", 1062)Row import failed with error: ("Duplicate entry 'BLZ' for key 'countries.PRIMARY'", 1062)Row import failed with error: ("Duplicate entry 'BEN' for key 'countries.PRIMARY'", 1062)Row import failed with error: ("Duplicate entry 'BMU' for key 'countries.PRIMARY'", 1062)Row import failed with error: ("Duplicate entry 'BTN' for key 'countries.PRIMARY'", 1062)Row import failed with error: ("Duplicate entry 'BOL' for key 'countries.PRIMARY'", 1062)Row import failed with error: ("Duplicate entry 'BIH' for key 'countries.PRIMARY'", 1062)Row import failed with error: ("Duplicate entry 'BWA' for key 'countries.PRIMARY'", 1062)Row import failed with error: ("Duplicate entry 'BRA' for key 'countries.PRIMARY'", 1062)Row import failed with error: ("Duplicate entry 'BRN' for key 'countries.PRIMARY'", 1062)Row import failed with error: ("Duplicate entry 'BGR' for key 'countries.PRIMARY'", 1062)Row import failed with error: ("Duplicate entry 'BFA' for key 'countries.PRIMARY'", 1062)Row import failed with error: ("Duplicate entry 'BDI' for key 'countries.PRIMARY'", 1062)Row import failed with error: ("Duplicate entry 'KHM' for key 'countries.PRIMARY'", 1062)Row import failed with error: ("Duplicate entry 'CMR' for key 'countries.PRIMARY'", 1062)Row import failed with error: ("Duplicate entry 'CAN' for key 'countries.PRIMARY'", 1062)Row import failed with error: ("Duplicate entry 'CPV' for key 'countries.PRIMARY'", 1062)Row import failed with error: ("Duplicate entry 'CAF' for key 'countries.PRIMARY'", 1062)Row import failed with error: ("Duplicate entry 'TCD' for key 'countries.PRIMARY'", 1062)Row import failed with error: ("Duplicate entry 'CHL' for key 'countries.PRIMARY'", 1062)Row import failed with error: ("Duplicate entry 'CHN' for key 'countries.PRIMARY'", 1062)Row import failed with error: ("Duplicate entry 'COL' for key 'countries.PRIMARY'", 1062)Row import failed with error: ("Duplicate entry 'COM' for key 'countries.PRIMARY'", 1062)Row import failed with error: ("Duplicate entry 'COG' for key 'countries.PRIMARY'", 1062)Row import failed with error: ("Duplicate entry 'COK' for key 'countries.PRIMARY'", 1062)Row import failed with error: ("Duplicate entry 'CRI' for key 'countries.PRIMARY'", 1062)Row import failed with error: ("Duplicate entry 'CIV' for key 'countries.PRIMARY'", 1062)Row import failed with error: ("Duplicate entry 'HRV' for key 'countries.PRIMARY'", 1062)Row import failed with error: ("Duplicate entry 'CUB' for key 'countries.PRIMARY'", 1062)Row import failed with error: ("Duplicate entry 'CYP' for key 'countries.PRIMARY'", 1062)Row import failed with error: ("Duplicate entry 'CZE' for key 'countries.PRIMARY'", 1062)Row import failed with error: ("Duplicate entry 'COD' for key 'countries.PRIMARY'", 1062)Row import failed with error: ("Duplicate entry 'DNK' for key 'countries.PRIMARY'", 1062)Row import failed with error: ("Duplicate entry 'DJI' for key 'countries.PRIMARY'", 1062)Row import failed with error: ("Duplicate entry 'DMA' for key 'countries.PRIMARY'", 1062)Row import failed with error: ("Duplicate entry 'DOM' for key 'countries.PRIMARY'", 1062)Row import failed with error: ("Duplicate entry 'EAP' for key 'countries.PRIMARY'", 1062)Row import failed with error: ("Duplicate entry 'EMR' for key 'countries.PRIMARY'", 1062)Row import failed with error: ("Duplicate entry 'ECU' for key 'countries.PRIMARY'", 1062)Row import failed with error: ("Duplicate entry 'EGY' for key 'countries.PRIMARY'", 1062)Row import failed with error: ("Duplicate entry 'SLV' for key 'countries.PRIMARY'", 1062)Row import failed with error: ("Duplicate entry 'ENG' for key 'countries.PRIMARY'", 1062)Row import failed with error: ("Duplicate entry 'GNQ' for key 'countries.PRIMARY'", 1062)Row import failed with error: ("Duplicate entry 'ERI' for key 'countries.PRIMARY'", 1062)Row import failed with error: ("Duplicate entry 'EST' for key 'countries.PRIMARY'", 1062)Row import failed with error: ("Duplicate entry 'SWZ' for key 'countries.PRIMARY'", 1062)Row import failed with error: ("Duplicate entry 'ETH' for key 'countries.PRIMARY'", 1062)Row import failed with error: ("Duplicate entry 'ECA' for key 'countries.PRIMARY'", 1062)Row import failed with error: ("Duplicate entry 'ERW' for key 'countries.PRIMARY'", 1062)Row import failed with error: ("Duplicate entry 'FJI' for key 'countries.PRIMARY'", 1062)Row import failed with error: ("Duplicate entry 'FIN' for key 'countries.PRIMARY'", 1062)Row import failed with error: ("Duplicate entry 'FRA' for key 'countries.PRIMARY'", 1062)Row import failed with error: ("Duplicate entry 'G20' for key 'countries.PRIMARY'", 1062)Row import failed with error: ("Duplicate entry 'GAB' for key 'countries.PRIMARY'", 1062)Row import failed with error: ("Duplicate entry 'GMB' for key 'countries.PRIMARY'", 1062)Row import failed with error: ("Duplicate entry 'GEO' for key 'countries.PRIMARY'", 1062)Row import failed with error: ("Duplicate entry 'DEU' for key 'countries.PRIMARY'", 1062)Row import failed with error: ("Duplicate entry 'GHA' for key 'countries.PRIMARY'", 1062)Row import failed with error: ("Duplicate entry 'GRC' for key 'countries.PRIMARY'", 1062)Row import failed with error: ("Duplicate entry 'GRL' for key 'countries.PRIMARY'", 1062)Row import failed with error: ("Duplicate entry 'GRD' for key 'countries.PRIMARY'", 1062)Row import failed with error: ("Duplicate entry 'GUM' for key 'countries.PRIMARY'", 1062)Row import failed with error: ("Duplicate entry 'GTM' for key 'countries.PRIMARY'", 1062)Row import failed with error: ("Duplicate entry 'GIN' for key 'countries.PRIMARY'", 1062)Row import failed with error: ("Duplicate entry 'GNB' for key 'countries.PRIMARY'", 1062)Row import failed with error: ("Duplicate entry 'GUY' for key 'countries.PRIMARY'", 1062)Row import failed with error: ("Duplicate entry 'HTI' for key 'countries.PRIMARY'", 1062)Row import failed with error: ("Duplicate entry 'HND' for key 'countries.PRIMARY'", 1062)Row import failed with error: ("Duplicate entry 'HUN' for key 'countries.PRIMARY'", 1062)Row import failed with error: ("Duplicate entry 'ISL' for key 'countries.PRIMARY'", 1062)Row import failed with error: ("Duplicate entry 'IND' for key 'countries.PRIMARY'", 1062)Row import failed with error: ("Duplicate entry 'IDN' for key 'countries.PRIMARY'", 1062)Row import failed with error: ("Duplicate entry 'IRN' for key 'countries.PRIMARY'", 1062)Row import failed with error: ("Duplicate entry 'IRQ' for key 'countries.PRIMARY'", 1062)Row import failed with error: ("Duplicate entry 'IRL' for key 'countries.PRIMARY'", 1062)Row import failed with error: ("Duplicate entry 'ISR' for key 'countries.PRIMARY'", 1062)Row import failed with error: ("Duplicate entry 'ITA' for key 'countries.PRIMARY'", 1062)Row import failed with error: ("Duplicate entry 'JAM' for key 'countries.PRIMARY'", 1062)Row import failed with error: ("Duplicate entry 'JPN' for key 'countries.PRIMARY'", 1062)Row import failed with error: ("Duplicate entry 'JOR' for key 'countries.PRIMARY'", 1062)Row import failed with error: ("Duplicate entry 'KAZ' for key 'countries.PRIMARY'", 1062)Row import failed with error: ("Duplicate entry 'KEN' for key 'countries.PRIMARY'", 1062)Row import failed with error: ("Duplicate entry 'KIR' for key 'countries.PRIMARY'", 1062)Row import failed with error: ("Duplicate entry 'KWT' for key 'countries.PRIMARY'", 1062)Row import failed with error: ("Duplicate entry 'KGZ' for key 'countries.PRIMARY'", 1062)Row import failed with error: ("Duplicate entry 'LAO' for key 'countries.PRIMARY'", 1062)Row import failed with error: ("Duplicate entry 'LAC' for key 'countries.PRIMARY'", 1062)Row import failed with error: ("Duplicate entry 'LVA' for key 'countries.PRIMARY'", 1062)Row import failed with error: ("Duplicate entry 'LBN' for key 'countries.PRIMARY'", 1062)Row import failed with error: ("Duplicate entry 'LSO' for key 'countries.PRIMARY'", 1062)Row import failed with error: ("Duplicate entry 'LBR' for key 'countries.PRIMARY'", 1062)Row import failed with error: ("Duplicate entry 'LBY' for key 'countries.PRIMARY'", 1062)Row import failed with error: ("Duplicate entry 'LTU' for key 'countries.PRIMARY'", 1062)Row import failed with error: ("Duplicate entry 'LUX' for key 'countries.PRIMARY'", 1062)Row import failed with error: ("Duplicate entry 'MDG' for key 'countries.PRIMARY'", 1062)Row import failed with error: ("Duplicate entry 'MWI' for key 'countries.PRIMARY'", 1062)Row import failed with error: ("Duplicate entry 'MYS' for key 'countries.PRIMARY'", 1062)Row import failed with error: ("Duplicate entry 'MDV' for key 'countries.PRIMARY'", 1062)Row import failed with error: ("Duplicate entry 'MLI' for key 'countries.PRIMARY'", 1062)Row import failed with error: ("Duplicate entry 'MLT' for key 'countries.PRIMARY'", 1062)Row import failed with error: ("Duplicate entry 'MHL' for key 'countries.PRIMARY'", 1062)Row import failed with error: ("Duplicate entry 'MRT' for key 'countries.PRIMARY'", 1062)Row import failed with error: ("Duplicate entry 'MUS' for key 'countries.PRIMARY'", 1062)Row import failed with error: ("Duplicate entry 'MEX' for key 'countries.PRIMARY'", 1062)Row import failed with error: ("Duplicate entry 'FSM' for key 'countries.PRIMARY'", 1062)Row import failed with error: ("Duplicate entry 'MNA' for key 'countries.PRIMARY'", 1062)Row import failed with error: ("Duplicate entry 'MDA' for key 'countries.PRIMARY'", 1062)Row import failed with error: ("Duplicate entry 'MCO' for key 'countries.PRIMARY'", 1062)Row import failed with error: ("Duplicate entry 'MNG' for key 'countries.PRIMARY'", 1062)Row import failed with error: ("Duplicate entry 'MNE' for key 'countries.PRIMARY'", 1062)Row import failed with error: ("Duplicate entry 'MAR' for key 'countries.PRIMARY'", 1062)Row import failed with error: ("Duplicate entry 'MOZ' for key 'countries.PRIMARY'", 1062)Row import failed with error: ("Duplicate entry 'MMR' for key 'countries.PRIMARY'", 1062)Row import failed with error: ("Duplicate entry 'NAM' for key 'countries.PRIMARY'", 1062)Row import failed with error: ("Duplicate entry 'NRU' for key 'countries.PRIMARY'", 1062)Row import failed with error: ("Duplicate entry 'NPL' for key 'countries.PRIMARY'", 1062)Row import failed with error: ("Duplicate entry 'NLD' for key 'countries.PRIMARY'", 1062)Row import failed with error: ("Duplicate entry 'NZL' for key 'countries.PRIMARY'", 1062)Row import failed with error: ("Duplicate entry 'NIC' for key 'countries.PRIMARY'", 1062)Row import failed with error: ("Duplicate entry 'NER' for key 'countries.PRIMARY'", 1062)Row import failed with error: ("Duplicate entry 'NGA' for key 'countries.PRIMARY'", 1062)Row import failed with error: ("Duplicate entry 'NIU' for key 'countries.PRIMARY'", 1062)Row import failed with error: ("Duplicate entry 'NAW' for key 'countries.PRIMARY'", 1062)Row import failed with error: ("Duplicate entry 'PRK' for key 'countries.PRIMARY'", 1062)Row import failed with error: ("Duplicate entry 'MKD' for key 'countries.PRIMARY'", 1062)Row import failed with error: ("Duplicate entry 'NIR' for key 'countries.PRIMARY'", 1062)Row import failed with error: ("Duplicate entry 'MNP' for key 'countries.PRIMARY'", 1062)Row import failed with error: ("Duplicate entry 'NOR' for key 'countries.PRIMARY'", 1062)Row import failed with error: ("Duplicate entry 'ECD' for key 'countries.PRIMARY'", 1062)Row import failed with error: ("Duplicate entry 'OMN' for key 'countries.PRIMARY'", 1062)Row import failed with error: ("Duplicate entry 'PAK' for key 'countries.PRIMARY'", 1062)Row import failed with error: ("Duplicate entry 'PLW' for key 'countries.PRIMARY'", 1062)Row import failed with error: ("Duplicate entry 'PSE' for key 'countries.PRIMARY'", 1062)Row import failed with error: ("Duplicate entry 'PAN' for key 'countries.PRIMARY'", 1062)Row import failed with error: ("Duplicate entry 'PNG' for key 'countries.PRIMARY'", 1062)Row import failed with error: ("Duplicate entry 'PRY' for key 'countries.PRIMARY'", 1062)Row import failed with error: ("Duplicate entry 'PER' for key 'countries.PRIMARY'", 1062)Row import failed with error: ("Duplicate entry 'PHL' for key 'countries.PRIMARY'", 1062)Row import failed with error: ("Duplicate entry 'POL' for key 'countries.PRIMARY'", 1062)Row import failed with error: ("Duplicate entry 'PRT' for key 'countries.PRIMARY'", 1062)Row import failed with error: ("Duplicate entry 'PRI' for key 'countries.PRIMARY'", 1062)Row import failed with error: ("Duplicate entry 'QAT' for key 'countries.PRIMARY'", 1062)Row import failed with error: ("Duplicate entry 'ROA' for key 'countries.PRIMARY'", 1062)Row import failed with error: ("Duplicate entry 'ROU' for key 'countries.PRIMARY'", 1062)Row import failed with error: ("Duplicate entry 'RUS' for key 'countries.PRIMARY'", 1062)Row import failed with error: ("Duplicate entry 'RWA' for key 'countries.PRIMARY'", 1062)Row import failed with error: ("Duplicate entry 'KNA' for key 'countries.PRIMARY'", 1062)Row import failed with error: ("Duplicate entry 'LCA' for key 'countries.PRIMARY'", 1062)Row import failed with error: ("Duplicate entry 'VCT' for key 'countries.PRIMARY'", 1062)Row import failed with error: ("Duplicate entry 'WSM' for key 'countries.PRIMARY'", 1062)Row import failed with error: ("Duplicate entry 'SMR' for key 'countries.PRIMARY'", 1062)Row import failed with error: ("Duplicate entry 'STP' for key 'countries.PRIMARY'", 1062)Row import failed with error: ("Duplicate entry 'SAU' for key 'countries.PRIMARY'", 1062)Row import failed with error: ("Duplicate entry 'SCO' for key 'countries.PRIMARY'", 1062)Row import failed with error: ("Duplicate entry 'SEN' for key 'countries.PRIMARY'", 1062)Row import failed with error: ("Duplicate entry 'SRB' for key 'countries.PRIMARY'", 1062)Row import failed with error: ("Duplicate entry 'SYC' for key 'countries.PRIMARY'", 1062)Row import failed with error: ("Duplicate entry 'SLE' for key 'countries.PRIMARY'", 1062)Row import failed with error: ("Duplicate entry 'SGP' for key 'countries.PRIMARY'", 1062)Row import failed with error: ("Duplicate entry 'SVK' for key 'countries.PRIMARY'", 1062)Row import failed with error: ("Duplicate entry 'SVN' for key 'countries.PRIMARY'", 1062)Row import failed with error: ("Duplicate entry 'SLB' for key 'countries.PRIMARY'", 1062)Row import failed with error: ("Duplicate entry 'SOM' for key 'countries.PRIMARY'", 1062)Row import failed with error: ("Duplicate entry 'ZAF' for key 'countries.PRIMARY'", 1062)Row import failed with error: ("Duplicate entry 'SAW' for key 'countries.PRIMARY'", 1062)Row import failed with error: ("Duplicate entry 'KOR' for key 'countries.PRIMARY'", 1062)Row import failed with error: ("Duplicate entry 'SSD' for key 'countries.PRIMARY'", 1062)Row import failed with error: ("Duplicate entry 'SEA' for key 'countries.PRIMARY'", 1062)Row import failed with error: ("Duplicate entry 'ESP' for key 'countries.PRIMARY'", 1062)Row import failed with error: ("Duplicate entry 'LKA' for key 'countries.PRIMARY'", 1062)Row import failed with error: ("Duplicate entry 'SSA' for key 'countries.PRIMARY'", 1062)Row import failed with error: ("Duplicate entry 'SDN' for key 'countries.PRIMARY'", 1062)Row import failed with error: ("Duplicate entry 'SUR' for key 'countries.PRIMARY'", 1062)Row import failed with error: ("Duplicate entry 'SWE' for key 'countries.PRIMARY'", 1062)Row import failed with error: ("Duplicate entry 'CHE' for key 'countries.PRIMARY'", 1062)Row import failed with error: ("Duplicate entry 'SYR' for key 'countries.PRIMARY'", 1062)Row import failed with error: ("Duplicate entry 'TWN' for key 'countries.PRIMARY'", 1062)Row import failed with error: ("Duplicate entry 'TJK' for key 'countries.PRIMARY'", 1062)Row import failed with error: ("Duplicate entry 'TZA' for key 'countries.PRIMARY'", 1062)Row import failed with error: ("Duplicate entry 'THA' for key 'countries.PRIMARY'", 1062)Row import failed with error: ("Duplicate entry 'TLS' for key 'countries.PRIMARY'", 1062)Row import failed with error: ("Duplicate entry 'TGO' for key 'countries.PRIMARY'", 1062)Row import failed with error: ("Duplicate entry 'TKL' for key 'countries.PRIMARY'", 1062)Row import failed with error: ("Duplicate entry 'TON' for key 'countries.PRIMARY'", 1062)Row import failed with error: ("Duplicate entry 'TTO' for key 'countries.PRIMARY'", 1062)Row import failed with error: ("Duplicate entry 'TUN' for key 'countries.PRIMARY'", 1062)Row import failed with error: ("Duplicate entry 'TUR' for key 'countries.PRIMARY'", 1062)Row import failed with error: ("Duplicate entry 'TKM' for key 'countries.PRIMARY'", 1062)Row import failed with error: ("Duplicate entry 'TUV' for key 'countries.PRIMARY'", 1062)Row import failed with error: ("Duplicate entry 'UGA' for key 'countries.PRIMARY'", 1062)Row import failed with error: ("Duplicate entry 'UKR' for key 'countries.PRIMARY'", 1062)Row import failed with error: ("Duplicate entry 'ARE' for key 'countries.PRIMARY'", 1062)Row import failed with error: ("Duplicate entry 'GBR' for key 'countries.PRIMARY'", 1062)Row import failed with error: ("Duplicate entry 'USA' for key 'countries.PRIMARY'", 1062)Row import failed with error: ("Duplicate entry 'VIR' for key 'countries.PRIMARY'", 1062)Row import failed with error: ("Duplicate entry 'URY' for key 'countries.PRIMARY'", 1062)Row import failed with error: ("Duplicate entry 'UZB' for key 'countries.PRIMARY'", 1062)Row import failed with error: ("Duplicate entry 'VUT' for key 'countries.PRIMARY'", 1062)Row import failed with error: ("Duplicate entry 'VEN' for key 'countries.PRIMARY'", 1062)Row import failed with error: ("Duplicate entry 'WNM' for key 'countries.PRIMARY'", 1062)Row import failed with error: ("Duplicate entry 'WAL' for key 'countries.PRIMARY'", 1062)Row import failed with error: ("Duplicate entry 'WPR' for key 'countries.PRIMARY'", 1062)Row import failed with error: ("Duplicate entry 'WWW' for key 'countries.PRIMARY'", 1062)Row import failed with error: ("Duplicate entry 'WBH' for key 'countries.PRIMARY'", 1062)Row import failed with error: ("Duplicate entry 'WBL' for key 'countries.PRIMARY'", 1062)Row import failed with error: ("Duplicate entry 'WLM' for key 'countries.PRIMARY'", 1062)Row import failed with error: ("Duplicate entry 'WUM' for key 'countries.PRIMARY'", 1062)Row import failed with error: ("Duplicate entry 'YEM' for key 'countries.PRIMARY'", 1062)Row import failed with error: ("Duplicate entry 'ZMB' for key 'countries.PRIMARY'", 1062)Row import failed with error: ("Duplicate entry 'ZWE' for key 'countries.PRIMARY'", 1062)Execute 'Prepare Import'
14:21:40 [INF][         Wizard]: Starting thread for 'Import data file'
14:24:50 [INF][         Wizard]: Execute 'Prepare Import'
14:24:50 [INF][         Wizard]: Starting thread for 'Import data file'
14:24:50 [ERR][SQL Editor Form]: Error Code: 1110
Column 'iso_code' specified twice
14:24:50 [ERR][         Wizard]: Thread 'Import data file' failed: ("Column 'iso_code' specified twice", 1110)
14:24:55 [INF][         Wizard]: Execute 'Prepare Import'
14:24:55 [INF][         Wizard]: Starting thread for 'Import data file'
14:26:53 [INF][         Wizard]: Execute 'Prepare Import'
14:26:53 [INF][         Wizard]: Starting thread for 'Import data file'
14:28:58 [INF][         Wizard]: Execute 'Prepare Import'
14:28:58 [INF][         Wizard]: Starting thread for 'Import data file'
14:32:51 [INF][         Wizard]: Execute 'Prepare Import'
14:32:52 [INF][         Wizard]: Starting thread for 'Import data file'
14:34:20 [INF][         Wizard]: Execute 'Prepare Import'
14:34:21 [INF][         Wizard]: Starting thread for 'Import data file'
14:43:47 [INF][        WQE.net]: Shutting down SQL editor (Local instance MySQL80)
14:43:47 [INF][      Workbench]: Shutting down Workbench
14:43:47 [INF][ mforms managed]: Shutting down mforms wrapper
14:43:47 [INF][      Workbench]: Done
